INFO:root:Start fine tuning for 100 epochs.
INFO:root:Pre-trained model loaded: ../runs/[cifar10]_BS=256_LR=0.0002_eps=1/checkpoint_0500.pth.tar.
INFO:root:Training with gpu: False.
DEBUG:root:Epoch 0	Top1 Train accuracy 30.80915069580078	Top1 Test accuracy: 43.85799789428711	Top5 test acc: 87.79928588867188
DEBUG:root:Epoch 1	Top1 Train accuracy 46.98222351074219	Top1 Test accuracy: 49.00275802612305	Top5 test acc: 90.73184967041016
DEBUG:root:Epoch 2	Top1 Train accuracy 50.34956741333008	Top1 Test accuracy: 50.700828552246094	Top5 test acc: 91.58777618408203
DEBUG:root:Epoch 3	Top1 Train accuracy 51.8494873046875	Top1 Test accuracy: 52.01688766479492	Top5 test acc: 92.28860473632812
DEBUG:root:Epoch 4	Top1 Train accuracy 52.83203125	Top1 Test accuracy: 53.15027618408203	Top5 test acc: 92.7562026977539
DEBUG:root:Epoch 5	Top1 Train accuracy 53.514427185058594	Top1 Test accuracy: 53.57881546020508	Top5 test acc: 93.1910629272461
DEBUG:root:Epoch 6	Top1 Train accuracy 54.17769241333008	Top1 Test accuracy: 54.113624572753906	Top5 test acc: 93.4156723022461
DEBUG:root:Epoch 7	Top1 Train accuracy 54.82661056518555	Top1 Test accuracy: 54.62890625	Top5 test acc: 93.82353210449219
DEBUG:root:Epoch 8	Top1 Train accuracy 55.3455810546875	Top1 Test accuracy: 55.20392990112305	Top5 test acc: 94.04814147949219
DEBUG:root:Epoch 9	Top1 Train accuracy 55.795997619628906	Top1 Test accuracy: 55.72150802612305	Top5 test acc: 94.12626647949219
DEBUG:root:Epoch 10	Top1 Train accuracy 56.27272033691406	Top1 Test accuracy: 56.13051986694336	Top5 test acc: 94.33881378173828
DEBUG:root:Epoch 11	Top1 Train accuracy 56.70320510864258	Top1 Test accuracy: 56.47977828979492	Top5 test acc: 94.51459503173828
DEBUG:root:Epoch 12	Top1 Train accuracy 57.03364181518555	Top1 Test accuracy: 56.79975128173828	Top5 test acc: 94.57318878173828
DEBUG:root:Epoch 13	Top1 Train accuracy 57.342552185058594	Top1 Test accuracy: 56.937618255615234	Top5 test acc: 94.70875549316406
DEBUG:root:Epoch 14	Top1 Train accuracy 57.64349365234375	Top1 Test accuracy: 57.181758880615234	Top5 test acc: 94.82594299316406
DEBUG:root:Epoch 15	Top1 Train accuracy 57.87069320678711	Top1 Test accuracy: 57.396602630615234	Top5 test acc: 94.92359924316406
DEBUG:root:Epoch 16	Top1 Train accuracy 58.123802185058594	Top1 Test accuracy: 57.572383880615234	Top5 test acc: 94.97242736816406
DEBUG:root:Epoch 17	Top1 Train accuracy 58.35897445678711	Top1 Test accuracy: 57.79813766479492	Top5 test acc: 95.11029815673828
DEBUG:root:Epoch 18	Top1 Train accuracy 58.5981330871582	Top1 Test accuracy: 57.963008880615234	Top5 test acc: 95.22748565673828
DEBUG:root:Epoch 19	Top1 Train accuracy 58.783878326416016	Top1 Test accuracy: 58.14970016479492	Top5 test acc: 95.31537628173828
DEBUG:root:Epoch 20	Top1 Train accuracy 58.95926284790039	Top1 Test accuracy: 58.32548141479492	Top5 test acc: 95.31652069091797
DEBUG:root:Epoch 21	Top1 Train accuracy 59.13105773925781	Top1 Test accuracy: 58.44266891479492	Top5 test acc: 95.32628631591797
DEBUG:root:Epoch 22	Top1 Train accuracy 59.26857376098633	Top1 Test accuracy: 58.531707763671875	Top5 test acc: 95.38373565673828
DEBUG:root:Epoch 23	Top1 Train accuracy 59.38615798950195	Top1 Test accuracy: 58.687957763671875	Top5 test acc: 95.42279815673828
DEBUG:root:Epoch 24	Top1 Train accuracy 59.545597076416016	Top1 Test accuracy: 58.844207763671875	Top5 test acc: 95.48139190673828
DEBUG:root:Epoch 25	Top1 Train accuracy 59.63926696777344	Top1 Test accuracy: 59.02860641479492	Top5 test acc: 95.49115753173828
DEBUG:root:Epoch 26	Top1 Train accuracy 59.77080535888672	Top1 Test accuracy: 59.095821380615234	Top5 test acc: 95.49115753173828
DEBUG:root:Epoch 27	Top1 Train accuracy 59.86048889160156	Top1 Test accuracy: 59.232540130615234	Top5 test acc: 95.53136444091797
DEBUG:root:Epoch 28	Top1 Train accuracy 59.956153869628906	Top1 Test accuracy: 59.310665130615234	Top5 test acc: 95.59857940673828
DEBUG:root:Epoch 29	Top1 Train accuracy 60.053810119628906	Top1 Test accuracy: 59.379024505615234	Top5 test acc: 95.60834503173828
DEBUG:root:Epoch 30	Top1 Train accuracy 60.155452728271484	Top1 Test accuracy: 59.457149505615234	Top5 test acc: 95.63764190673828
DEBUG:root:Epoch 31	Top1 Train accuracy 60.221221923828125	Top1 Test accuracy: 59.50712203979492	Top5 test acc: 95.73529815673828
DEBUG:root:Epoch 32	Top1 Train accuracy 60.30492401123047	Top1 Test accuracy: 59.508270263671875	Top5 test acc: 95.73529815673828
DEBUG:root:Epoch 33	Top1 Train accuracy 60.36870193481445	Top1 Test accuracy: 59.58524703979492	Top5 test acc: 95.77436065673828
DEBUG:root:Epoch 34	Top1 Train accuracy 60.442440032958984	Top1 Test accuracy: 59.652462005615234	Top5 test acc: 95.78412628173828
DEBUG:root:Epoch 35	Top1 Train accuracy 60.48628616333008	Top1 Test accuracy: 59.7771110534668	Top5 test acc: 95.80365753173828
DEBUG:root:Epoch 36	Top1 Train accuracy 60.55803298950195	Top1 Test accuracy: 59.8357048034668	Top5 test acc: 95.82433319091797
DEBUG:root:Epoch 37	Top1 Train accuracy 60.63018035888672	Top1 Test accuracy: 59.8454704284668	Top5 test acc: 95.84386444091797
DEBUG:root:Epoch 38	Top1 Train accuracy 60.711891174316406	Top1 Test accuracy: 59.7966423034668	Top5 test acc: 95.84386444091797
DEBUG:root:Epoch 39	Top1 Train accuracy 60.77965545654297	Top1 Test accuracy: 59.8064079284668	Top5 test acc: 95.86339569091797
DEBUG:root:Epoch 40	Top1 Train accuracy 60.83944320678711	Top1 Test accuracy: 59.8650016784668	Top5 test acc: 95.89269256591797
DEBUG:root:Epoch 41	Top1 Train accuracy 60.943477630615234	Top1 Test accuracy: 59.91268539428711	Top5 test acc: 95.89269256591797
DEBUG:root:Epoch 42	Top1 Train accuracy 60.981346130371094	Top1 Test accuracy: 59.94198226928711	Top5 test acc: 95.92198944091797
DEBUG:root:Epoch 43	Top1 Train accuracy 61.037147521972656	Top1 Test accuracy: 59.989662170410156	Top5 test acc: 95.92198944091797
DEBUG:root:Epoch 44	Top1 Train accuracy 61.101322174072266	Top1 Test accuracy: 60.048255920410156	Top5 test acc: 95.93175506591797
DEBUG:root:Epoch 45	Top1 Train accuracy 61.16310501098633	Top1 Test accuracy: 60.124080657958984	Top5 test acc: 95.93175506591797
DEBUG:root:Epoch 46	Top1 Train accuracy 61.2109375	Top1 Test accuracy: 60.18152618408203	Top5 test acc: 95.96105194091797
DEBUG:root:Epoch 47	Top1 Train accuracy 61.248802185058594	Top1 Test accuracy: 60.211971282958984	Top5 test acc: 95.92198944091797
DEBUG:root:Epoch 48	Top1 Train accuracy 61.29065704345703	Top1 Test accuracy: 60.290096282958984	Top5 test acc: 95.94037628173828
DEBUG:root:Epoch 49	Top1 Train accuracy 61.3763542175293	Top1 Test accuracy: 60.309627532958984	Top5 test acc: 95.97828674316406
DEBUG:root:Epoch 50	Top1 Train accuracy 61.43415069580078	Top1 Test accuracy: 60.368221282958984	Top5 test acc: 96.00758361816406
DEBUG:root:Epoch 51	Top1 Train accuracy 61.472015380859375	Top1 Test accuracy: 60.39636993408203	Top5 test acc: 96.00758361816406
DEBUG:root:Epoch 52	Top1 Train accuracy 61.509883880615234	Top1 Test accuracy: 60.45496368408203	Top5 test acc: 95.99781799316406
DEBUG:root:Epoch 53	Top1 Train accuracy 61.561702728271484	Top1 Test accuracy: 60.52217483520508	Top5 test acc: 96.01734924316406
DEBUG:root:Epoch 54	Top1 Train accuracy 61.59757614135742	Top1 Test accuracy: 60.56123733520508	Top5 test acc: 96.01734924316406
DEBUG:root:Epoch 55	Top1 Train accuracy 61.61949920654297	Top1 Test accuracy: 60.60029983520508	Top5 test acc: 96.03688049316406
DEBUG:root:Epoch 56	Top1 Train accuracy 61.63743591308594	Top1 Test accuracy: 60.65889358520508	Top5 test acc: 96.05641174316406
DEBUG:root:Epoch 57	Top1 Train accuracy 61.67530059814453	Top1 Test accuracy: 60.61121368408203	Top5 test acc: 96.07594299316406
DEBUG:root:Epoch 58	Top1 Train accuracy 61.719146728515625	Top1 Test accuracy: 60.66004180908203	Top5 test acc: 96.07594299316406
DEBUG:root:Epoch 59	Top1 Train accuracy 61.7669792175293	Top1 Test accuracy: 60.70886993408203	Top5 test acc: 96.08570861816406
DEBUG:root:Epoch 60	Top1 Train accuracy 61.81082534790039	Top1 Test accuracy: 60.71863555908203	Top5 test acc: 96.08570861816406
DEBUG:root:Epoch 61	Top1 Train accuracy 61.83872604370117	Top1 Test accuracy: 60.73816680908203	Top5 test acc: 96.08570861816406
DEBUG:root:Epoch 62	Top1 Train accuracy 61.89253616333008	Top1 Test accuracy: 60.74793243408203	Top5 test acc: 96.06617736816406
DEBUG:root:Epoch 63	Top1 Train accuracy 61.938377380371094	Top1 Test accuracy: 60.81514358520508	Top5 test acc: 96.05641174316406
DEBUG:root:Epoch 64	Top1 Train accuracy 61.9622917175293	Top1 Test accuracy: 60.853057861328125	Top5 test acc: 96.05641174316406
DEBUG:root:Epoch 65	Top1 Train accuracy 62.00613784790039	Top1 Test accuracy: 60.85420608520508	Top5 test acc: 96.06617736816406
DEBUG:root:Epoch 66	Top1 Train accuracy 62.04798889160156	Top1 Test accuracy: 60.92256546020508	Top5 test acc: 96.05641174316406
DEBUG:root:Epoch 67	Top1 Train accuracy 62.081871032714844	Top1 Test accuracy: 60.96162796020508	Top5 test acc: 96.05641174316406
DEBUG:root:Epoch 68	Top1 Train accuracy 62.11614990234375	Top1 Test accuracy: 60.98115921020508	Top5 test acc: 96.08570861816406
DEBUG:root:Epoch 69	Top1 Train accuracy 62.14405059814453	Top1 Test accuracy: 61.02022171020508	Top5 test acc: 96.07594299316406
DEBUG:root:Epoch 70	Top1 Train accuracy 62.19826126098633	Top1 Test accuracy: 61.03975296020508	Top5 test acc: 96.08570861816406
DEBUG:root:Epoch 71	Top1 Train accuracy 62.2161979675293	Top1 Test accuracy: 61.05928421020508	Top5 test acc: 96.11500549316406
DEBUG:root:Epoch 72	Top1 Train accuracy 62.23014831542969	Top1 Test accuracy: 61.087432861328125	Top5 test acc: 96.10523986816406
DEBUG:root:Epoch 73	Top1 Train accuracy 62.27399444580078	Top1 Test accuracy: 61.155792236328125	Top5 test acc: 96.11500549316406
DEBUG:root:Epoch 74	Top1 Train accuracy 62.303890228271484	Top1 Test accuracy: 61.193702697753906	Top5 test acc: 96.12477111816406
DEBUG:root:Epoch 75	Top1 Train accuracy 62.33976364135742	Top1 Test accuracy: 61.23161697387695	Top5 test acc: 96.12477111816406
DEBUG:root:Epoch 76	Top1 Train accuracy 62.35570526123047	Top1 Test accuracy: 61.25114822387695	Top5 test acc: 96.13453674316406
DEBUG:root:Epoch 77	Top1 Train accuracy 62.383609771728516	Top1 Test accuracy: 61.25114822387695	Top5 test acc: 96.13453674316406
DEBUG:root:Epoch 78	Top1 Train accuracy 62.38560104370117	Top1 Test accuracy: 61.279296875	Top5 test acc: 96.12477111816406
DEBUG:root:Epoch 79	Top1 Train accuracy 62.42147445678711	Top1 Test accuracy: 61.2890625	Top5 test acc: 96.12477111816406
DEBUG:root:Epoch 80	Top1 Train accuracy 62.43941116333008	Top1 Test accuracy: 61.2890625	Top5 test acc: 96.13453674316406
DEBUG:root:Epoch 81	Top1 Train accuracy 62.44937515258789	Top1 Test accuracy: 61.298828125	Top5 test acc: 96.14430236816406
DEBUG:root:Epoch 82	Top1 Train accuracy 62.4653205871582	Top1 Test accuracy: 61.357421875	Top5 test acc: 96.14430236816406
DEBUG:root:Epoch 83	Top1 Train accuracy 62.489234924316406	Top1 Test accuracy: 61.357421875	Top5 test acc: 96.15406799316406
DEBUG:root:Epoch 84	Top1 Train accuracy 62.52909469604492	Top1 Test accuracy: 61.34765625	Top5 test acc: 96.16383361816406
DEBUG:root:Epoch 85	Top1 Train accuracy 62.57094955444336	Top1 Test accuracy: 61.44416427612305	Top5 test acc: 96.16383361816406
DEBUG:root:Epoch 86	Top1 Train accuracy 62.6068229675293	Top1 Test accuracy: 61.46369552612305	Top5 test acc: 96.16383361816406
DEBUG:root:Epoch 87	Top1 Train accuracy 62.62276840209961	Top1 Test accuracy: 61.48322677612305	Top5 test acc: 96.15406799316406
DEBUG:root:Epoch 88	Top1 Train accuracy 62.642696380615234	Top1 Test accuracy: 61.49299240112305	Top5 test acc: 96.15406799316406
DEBUG:root:Epoch 89	Top1 Train accuracy 62.69252014160156	Top1 Test accuracy: 61.51252365112305	Top5 test acc: 96.17359924316406
DEBUG:root:Epoch 90	Top1 Train accuracy 62.69650650024414	Top1 Test accuracy: 61.54182052612305	Top5 test acc: 96.15522003173828
DEBUG:root:Epoch 91	Top1 Train accuracy 62.72440719604492	Top1 Test accuracy: 61.58088302612305	Top5 test acc: 96.15522003173828
DEBUG:root:Epoch 92	Top1 Train accuracy 62.74832534790039	Top1 Test accuracy: 61.61994552612305	Top5 test acc: 96.18451690673828
DEBUG:root:Epoch 93	Top1 Train accuracy 62.77622604370117	Top1 Test accuracy: 61.61994552612305	Top5 test acc: 96.17475128173828
DEBUG:root:Epoch 94	Top1 Train accuracy 62.782203674316406	Top1 Test accuracy: 61.63947677612305	Top5 test acc: 96.17475128173828
DEBUG:root:Epoch 95	Top1 Train accuracy 62.800140380859375	Top1 Test accuracy: 61.65900802612305	Top5 test acc: 96.14545440673828
DEBUG:root:Epoch 96	Top1 Train accuracy 62.81808090209961	Top1 Test accuracy: 61.67853927612305	Top5 test acc: 96.15522003173828
DEBUG:root:Epoch 97	Top1 Train accuracy 62.82206344604492	Top1 Test accuracy: 61.69807052612305	Top5 test acc: 96.15522003173828
DEBUG:root:Epoch 98	Top1 Train accuracy 62.82804489135742	Top1 Test accuracy: 61.69807052612305	Top5 test acc: 96.16498565673828
DEBUG:root:Epoch 99	Top1 Train accuracy 62.84797286987305	Top1 Test accuracy: 61.71760177612305	Top5 test acc: 96.14659881591797
INFO:root:Evaluation has finished.

INFO:root:Model checkpoint and metadata has been saved at runs/FT/[cifar10-cifar10]_BS=256_LR=8e-05_FTeps=0.
INFO:root:Start fine tuning for 100 epochs.
INFO:root:Pre-trained model loaded: ../runs/[cifar10]_BS=256_LR=0.0002_eps=1/checkpoint_0500.pth.tar.
INFO:root:Training with gpu: False.
DEBUG:root:Epoch 0	Top1 Train accuracy 29.719785690307617	Top1 Test accuracy: 42.50344467163086	Top5 test acc: 88.17268371582031
DEBUG:root:Epoch 1	Top1 Train accuracy 46.54416275024414	Top1 Test accuracy: 49.01884078979492	Top5 test acc: 91.07537078857422
DEBUG:root:Epoch 2	Top1 Train accuracy 50.27144241333008	Top1 Test accuracy: 51.13453674316406	Top5 test acc: 91.97151184082031
DEBUG:root:Epoch 3	Top1 Train accuracy 51.82358169555664	Top1 Test accuracy: 52.2150764465332	Top5 test acc: 92.53561401367188
DEBUG:root:Epoch 4	Top1 Train accuracy 52.79814910888672	Top1 Test accuracy: 53.02849197387695	Top5 test acc: 93.00321960449219
DEBUG:root:Epoch 5	Top1 Train accuracy 53.553489685058594	Top1 Test accuracy: 53.59489822387695	Top5 test acc: 93.34501647949219
DEBUG:root:Epoch 6	Top1 Train accuracy 54.20878219604492	Top1 Test accuracy: 54.140625	Top5 test acc: 93.68451690673828
DEBUG:root:Epoch 7	Top1 Train accuracy 54.8724479675293	Top1 Test accuracy: 54.55939865112305	Top5 test acc: 93.87006378173828
DEBUG:root:Epoch 8	Top1 Train accuracy 55.40457534790039	Top1 Test accuracy: 55.029296875	Top5 test acc: 94.15441131591797
DEBUG:root:Epoch 9	Top1 Train accuracy 55.90561294555664	Top1 Test accuracy: 55.47736740112305	Top5 test acc: 94.34857940673828
DEBUG:root:Epoch 10	Top1 Train accuracy 56.30580139160156	Top1 Test accuracy: 55.888671875	Top5 test acc: 94.59156799316406
DEBUG:root:Epoch 11	Top1 Train accuracy 56.6888542175293	Top1 Test accuracy: 56.29653549194336	Top5 test acc: 94.69898986816406
DEBUG:root:Epoch 12	Top1 Train accuracy 56.951927185058594	Top1 Test accuracy: 56.666473388671875	Top5 test acc: 94.70875549316406
DEBUG:root:Epoch 13	Top1 Train accuracy 57.260841369628906	Top1 Test accuracy: 57.00712203979492	Top5 test acc: 94.90406799316406
DEBUG:root:Epoch 14	Top1 Train accuracy 57.58768844604492	Top1 Test accuracy: 57.23173141479492	Top5 test acc: 94.94313049316406
DEBUG:root:Epoch 15	Top1 Train accuracy 57.916534423828125	Top1 Test accuracy: 57.408660888671875	Top5 test acc: 95.04193878173828
DEBUG:root:Epoch 16	Top1 Train accuracy 58.10786056518555	Top1 Test accuracy: 57.643035888671875	Top5 test acc: 95.08100128173828
DEBUG:root:Epoch 17	Top1 Train accuracy 58.31313705444336	Top1 Test accuracy: 57.79813766479492	Top5 test acc: 95.10053253173828
DEBUG:root:Epoch 18	Top1 Train accuracy 58.51243591308594	Top1 Test accuracy: 58.02505111694336	Top5 test acc: 95.19818878173828
DEBUG:root:Epoch 19	Top1 Train accuracy 58.74003219604492	Top1 Test accuracy: 58.268035888671875	Top5 test acc: 95.23725128173828
DEBUG:root:Epoch 20	Top1 Train accuracy 58.933353424072266	Top1 Test accuracy: 58.434051513671875	Top5 test acc: 95.31537628173828
DEBUG:root:Epoch 21	Top1 Train accuracy 59.123085021972656	Top1 Test accuracy: 58.570770263671875	Top5 test acc: 95.36420440673828
DEBUG:root:Epoch 22	Top1 Train accuracy 59.290496826171875	Top1 Test accuracy: 58.76493453979492	Top5 test acc: 95.38373565673828
DEBUG:root:Epoch 23	Top1 Train accuracy 59.465877532958984	Top1 Test accuracy: 58.82352828979492	Top5 test acc: 95.39464569091797
DEBUG:root:Epoch 24	Top1 Train accuracy 59.58147048950195	Top1 Test accuracy: 58.978633880615234	Top5 test acc: 95.39464569091797
DEBUG:root:Epoch 25	Top1 Train accuracy 59.71101760864258	Top1 Test accuracy: 59.11649703979492	Top5 test acc: 95.45439147949219
DEBUG:root:Epoch 26	Top1 Train accuracy 59.81265640258789	Top1 Test accuracy: 59.205535888671875	Top5 test acc: 95.48368835449219
DEBUG:root:Epoch 27	Top1 Train accuracy 59.91828536987305	Top1 Test accuracy: 59.391082763671875	Top5 test acc: 95.55204772949219
DEBUG:root:Epoch 28	Top1 Train accuracy 60.005977630615234	Top1 Test accuracy: 59.31180953979492	Top5 test acc: 95.58134460449219
DEBUG:root:Epoch 29	Top1 Train accuracy 60.06377410888672	Top1 Test accuracy: 59.408321380615234	Top5 test acc: 95.61064147949219
DEBUG:root:Epoch 30	Top1 Train accuracy 60.145484924316406	Top1 Test accuracy: 59.496212005615234	Top5 test acc: 95.64855194091797
DEBUG:root:Epoch 31	Top1 Train accuracy 60.20926284790039	Top1 Test accuracy: 59.515743255615234	Top5 test acc: 95.65831756591797
DEBUG:root:Epoch 32	Top1 Train accuracy 60.30133819580078	Top1 Test accuracy: 59.5525016784668	Top5 test acc: 95.67784881591797
DEBUG:root:Epoch 33	Top1 Train accuracy 60.389427185058594	Top1 Test accuracy: 59.5622673034668	Top5 test acc: 95.68761444091797
DEBUG:root:Epoch 34	Top1 Train accuracy 60.45918273925781	Top1 Test accuracy: 59.6306266784668	Top5 test acc: 95.72553253173828
DEBUG:root:Epoch 35	Top1 Train accuracy 60.52495193481445	Top1 Test accuracy: 59.6696891784668	Top5 test acc: 95.74506378173828
DEBUG:root:Epoch 36	Top1 Train accuracy 60.62659454345703	Top1 Test accuracy: 59.74666976928711	Top5 test acc: 95.80365753173828
DEBUG:root:Epoch 37	Top1 Train accuracy 60.66047286987305	Top1 Test accuracy: 59.804115295410156	Top5 test acc: 95.78527069091797
DEBUG:root:Epoch 38	Top1 Train accuracy 60.71826934814453	Top1 Test accuracy: 59.86385726928711	Top5 test acc: 95.78527069091797
DEBUG:root:Epoch 39	Top1 Train accuracy 60.79798889160156	Top1 Test accuracy: 59.882240295410156	Top5 test acc: 95.77550506591797
DEBUG:root:Epoch 40	Top1 Train accuracy 60.865753173828125	Top1 Test accuracy: 59.9006233215332	Top5 test acc: 95.77550506591797
DEBUG:root:Epoch 41	Top1 Train accuracy 60.95384216308594	Top1 Test accuracy: 59.977596282958984	Top5 test acc: 95.77550506591797
DEBUG:root:Epoch 42	Top1 Train accuracy 61.01961135864258	Top1 Test accuracy: 60.055721282958984	Top5 test acc: 95.82318878173828
DEBUG:root:Epoch 43	Top1 Train accuracy 61.08537673950195	Top1 Test accuracy: 60.163143157958984	Top5 test acc: 95.85248565673828
DEBUG:root:Epoch 44	Top1 Train accuracy 61.157127380371094	Top1 Test accuracy: 60.143611907958984	Top5 test acc: 95.89154815673828
DEBUG:root:Epoch 45	Top1 Train accuracy 61.198978424072266	Top1 Test accuracy: 60.211971282958984	Top5 test acc: 95.90992736816406
DEBUG:root:Epoch 46	Top1 Train accuracy 61.26673889160156	Top1 Test accuracy: 60.24988555908203	Top5 test acc: 95.91969299316406
DEBUG:root:Epoch 47	Top1 Train accuracy 61.3026123046875	Top1 Test accuracy: 60.29871368408203	Top5 test acc: 95.93922424316406
DEBUG:root:Epoch 48	Top1 Train accuracy 61.366390228271484	Top1 Test accuracy: 60.31824493408203	Top5 test acc: 95.93922424316406
DEBUG:root:Epoch 49	Top1 Train accuracy 61.432159423828125	Top1 Test accuracy: 60.309627532958984	Top5 test acc: 95.94898986816406
DEBUG:root:Epoch 50	Top1 Train accuracy 61.47002410888672	Top1 Test accuracy: 60.34754180908203	Top5 test acc: 95.99781799316406
DEBUG:root:Epoch 51	Top1 Train accuracy 61.48995590209961	Top1 Test accuracy: 60.348690032958984	Top5 test acc: 95.99781799316406
DEBUG:root:Epoch 52	Top1 Train accuracy 61.53977966308594	Top1 Test accuracy: 60.358455657958984	Top5 test acc: 95.98805236816406
DEBUG:root:Epoch 53	Top1 Train accuracy 61.575653076171875	Top1 Test accuracy: 60.47449493408203	Top5 test acc: 96.00758361816406
DEBUG:root:Epoch 54	Top1 Train accuracy 61.607540130615234	Top1 Test accuracy: 60.52217483520508	Top5 test acc: 96.00758361816406
DEBUG:root:Epoch 55	Top1 Train accuracy 61.64341354370117	Top1 Test accuracy: 60.57100296020508	Top5 test acc: 96.01734924316406
DEBUG:root:Epoch 56	Top1 Train accuracy 61.68327331542969	Top1 Test accuracy: 60.58076858520508	Top5 test acc: 96.01734924316406
DEBUG:root:Epoch 57	Top1 Train accuracy 61.73509216308594	Top1 Test accuracy: 60.59053421020508	Top5 test acc: 96.02711486816406
DEBUG:root:Epoch 58	Top1 Train accuracy 61.7669792175293	Top1 Test accuracy: 60.61006546020508	Top5 test acc: 96.02711486816406
DEBUG:root:Epoch 59	Top1 Train accuracy 61.79487991333008	Top1 Test accuracy: 60.60029983520508	Top5 test acc: 96.04664611816406
DEBUG:root:Epoch 60	Top1 Train accuracy 61.830753326416016	Top1 Test accuracy: 60.64912796020508	Top5 test acc: 96.01734924316406
DEBUG:root:Epoch 61	Top1 Train accuracy 61.85666275024414	Top1 Test accuracy: 60.696807861328125	Top5 test acc: 96.02711486816406
DEBUG:root:Epoch 62	Top1 Train accuracy 61.91087341308594	Top1 Test accuracy: 60.735870361328125	Top5 test acc: 96.04664611816406
DEBUG:root:Epoch 63	Top1 Train accuracy 61.932796478271484	Top1 Test accuracy: 60.784698486328125	Top5 test acc: 96.05641174316406
DEBUG:root:Epoch 64	Top1 Train accuracy 61.960697174072266	Top1 Test accuracy: 60.823760986328125	Top5 test acc: 96.07594299316406
DEBUG:root:Epoch 65	Top1 Train accuracy 61.98899841308594	Top1 Test accuracy: 60.872589111328125	Top5 test acc: 96.08570861816406
DEBUG:root:Epoch 66	Top1 Train accuracy 62.03683090209961	Top1 Test accuracy: 60.890968322753906	Top5 test acc: 96.08570861816406
DEBUG:root:Epoch 67	Top1 Train accuracy 62.06074523925781	Top1 Test accuracy: 60.90935134887695	Top5 test acc: 96.07594299316406
DEBUG:root:Epoch 68	Top1 Train accuracy 62.090641021728516	Top1 Test accuracy: 60.881202697753906	Top5 test acc: 96.06617736816406
DEBUG:root:Epoch 69	Top1 Train accuracy 62.140464782714844	Top1 Test accuracy: 60.95703125	Top5 test acc: 96.05641174316406
DEBUG:root:Epoch 70	Top1 Train accuracy 62.18431091308594	Top1 Test accuracy: 60.9765625	Top5 test acc: 96.08570861816406
DEBUG:root:Epoch 71	Top1 Train accuracy 62.214202880859375	Top1 Test accuracy: 61.03515625	Top5 test acc: 96.12477111816406
DEBUG:root:Epoch 72	Top1 Train accuracy 62.248085021972656	Top1 Test accuracy: 61.03515625	Top5 test acc: 96.12477111816406
DEBUG:root:Epoch 73	Top1 Train accuracy 62.27598571777344	Top1 Test accuracy: 61.083984375	Top5 test acc: 96.13453674316406
DEBUG:root:Epoch 74	Top1 Train accuracy 62.293922424316406	Top1 Test accuracy: 61.13166427612305	Top5 test acc: 96.14430236816406
DEBUG:root:Epoch 75	Top1 Train accuracy 62.311859130859375	Top1 Test accuracy: 61.17072677612305	Top5 test acc: 96.12477111816406
DEBUG:root:Epoch 76	Top1 Train accuracy 62.331790924072266	Top1 Test accuracy: 61.162109375	Top5 test acc: 96.14430236816406
DEBUG:root:Epoch 77	Top1 Train accuracy 62.369659423828125	Top1 Test accuracy: 61.181640625	Top5 test acc: 96.13453674316406
DEBUG:root:Epoch 78	Top1 Train accuracy 62.40553283691406	Top1 Test accuracy: 61.2109375	Top5 test acc: 96.15406799316406
DEBUG:root:Epoch 79	Top1 Train accuracy 62.42546081542969	Top1 Test accuracy: 61.259765625	Top5 test acc: 96.16383361816406
DEBUG:root:Epoch 80	Top1 Train accuracy 62.44140625	Top1 Test accuracy: 61.26953125	Top5 test acc: 96.16383361816406
DEBUG:root:Epoch 81	Top1 Train accuracy 62.45734786987305	Top1 Test accuracy: 61.298828125	Top5 test acc: 96.17359924316406
DEBUG:root:Epoch 82	Top1 Train accuracy 62.461334228515625	Top1 Test accuracy: 61.318359375	Top5 test acc: 96.18336486816406
DEBUG:root:Epoch 83	Top1 Train accuracy 62.48724365234375	Top1 Test accuracy: 61.357421875	Top5 test acc: 96.19313049316406
DEBUG:root:Epoch 84	Top1 Train accuracy 62.51115798950195	Top1 Test accuracy: 61.376953125	Top5 test acc: 96.16498565673828
DEBUG:root:Epoch 85	Top1 Train accuracy 62.527103424072266	Top1 Test accuracy: 61.38671875	Top5 test acc: 96.18451690673828
DEBUG:root:Epoch 86	Top1 Train accuracy 62.54703140258789	Top1 Test accuracy: 61.337890625	Top5 test acc: 96.18451690673828
DEBUG:root:Epoch 87	Top1 Train accuracy 62.57094955444336	Top1 Test accuracy: 61.34765625	Top5 test acc: 96.18451690673828
DEBUG:root:Epoch 88	Top1 Train accuracy 62.59486389160156	Top1 Test accuracy: 61.376953125	Top5 test acc: 96.17475128173828
DEBUG:root:Epoch 89	Top1 Train accuracy 62.61479568481445	Top1 Test accuracy: 61.376953125	Top5 test acc: 96.18451690673828
DEBUG:root:Epoch 90	Top1 Train accuracy 62.64070510864258	Top1 Test accuracy: 61.38671875	Top5 test acc: 96.18451690673828
DEBUG:root:Epoch 91	Top1 Train accuracy 62.662628173828125	Top1 Test accuracy: 61.40625	Top5 test acc: 96.21381378173828
DEBUG:root:Epoch 92	Top1 Train accuracy 62.690528869628906	Top1 Test accuracy: 61.42578125	Top5 test acc: 96.22357940673828
DEBUG:root:Epoch 93	Top1 Train accuracy 62.70049285888672	Top1 Test accuracy: 61.40625	Top5 test acc: 96.22357940673828
DEBUG:root:Epoch 94	Top1 Train accuracy 62.72042465209961	Top1 Test accuracy: 61.46484375	Top5 test acc: 96.21381378173828
DEBUG:root:Epoch 95	Top1 Train accuracy 62.74433898925781	Top1 Test accuracy: 61.46484375	Top5 test acc: 96.21381378173828
DEBUG:root:Epoch 96	Top1 Train accuracy 62.78419876098633	Top1 Test accuracy: 61.46484375	Top5 test acc: 96.20404815673828
DEBUG:root:Epoch 97	Top1 Train accuracy 62.80811309814453	Top1 Test accuracy: 61.46484375	Top5 test acc: 96.20404815673828
DEBUG:root:Epoch 98	Top1 Train accuracy 62.8260498046875	Top1 Test accuracy: 61.46484375	Top5 test acc: 96.22242736816406
DEBUG:root:Epoch 99	Top1 Train accuracy 62.85993194580078	Top1 Test accuracy: 61.455078125	Top5 test acc: 96.24195861816406
INFO:root:Evaluation has finished.

INFO:root:Model checkpoint and metadata has been saved at runs/FT/[cifar10-cifar10]_BS=256_LR=8e-05_FTeps=0.
